Copyright 1986-2022 Xilinx, Inc. All Rights Reserved. Copyright 2022-2024 Advanced Micro Devices, Inc. All Rights Reserved.
---------------------------------------------------------------------------------------------------------------------------------------------
| Tool Version : Vivado v.2023.2.2 (lin64) Build 4126759 Thu Feb  8 23:52:05 MST 2024
| Date         : Tue Apr 16 12:10:22 2024
| Host         : np-laptop-fw running 64-bit unknown
| Command      : report_timing -file out/post_route_timing.rpt -sort_by group -max_paths 100 -path_type summary
| Design       : red_pitaya_top
| Device       : 7z010-clg400
| Speed File   : -1  PRODUCTION 1.12 2019-11-22
| Design State : Routed
---------------------------------------------------------------------------------------------------------------------------------------------

Timing Report

Startpoint                     Endpoint                       Slack(ns)     
----------------------------------------------------------------------------
i_dsp/genblk4[4].iir/y0_reg[1]/C
                               i_dsp/genblk4[4].iir/overflow_reg[3]/D
                                                              -5.450        
i_dsp/genblk4[4].iir/y0_reg[1]/C
                               i_dsp/genblk4[4].iir/p_by0_reg[21]/D
                                                              -5.437        
i_dsp/genblk4[4].iir/y0_reg[1]/C
                               i_dsp/genblk4[4].iir/p_by0_reg[1]/D
                                                              -5.412        
i_dsp/genblk4[4].iir/y0_reg[1]/C
                               i_dsp/genblk4[4].iir/p_by0_reg[7]/D
                                                              -5.377        
i_dsp/genblk4[4].iir/y0_reg[1]/C
                               i_dsp/genblk4[4].iir/p_by0_reg[27]/D
                                                              -5.373        
i_dsp/genblk4[4].iir/y1b_reg[10]/C
                               i_dsp/genblk4[4].iir/p_by1_reg[26]/D
                                                              -5.368        
i_dsp/genblk4[4].iir/y1b_reg[10]/C
                               i_dsp/genblk4[4].iir/p_by1_reg[0]/D
                                                              -5.368        
i_dsp/genblk4[4].iir/y0_reg[1]/C
                               i_dsp/genblk4[4].iir/p_by0_reg[17]/D
                                                              -5.363        
i_dsp/genblk4[4].iir/y0_reg[1]/C
                               i_dsp/genblk4[4].iir/p_by0_reg[20]/D
                                                              -5.362        
i_dsp/genblk4[4].iir/y1b_reg[10]/C
                               i_dsp/genblk4[4].iir/overflow_reg[4]/D
                                                              -5.355        
i_dsp/genblk4[4].iir/y0_reg[1]/C
                               i_dsp/genblk4[4].iir/p_by0_reg[18]/D
                                                              -5.354        
i_dsp/genblk4[4].iir/y0_reg[1]/C
                               i_dsp/genblk4[4].iir/p_by0_reg[2]/D
                                                              -5.331        
i_dsp/genblk4[4].iir/y0_reg[1]/C
                               i_dsp/genblk4[4].iir/p_by0_reg[3]/D
                                                              -5.325        
i_dsp/genblk4[4].iir/y0_reg[1]/C
                               i_dsp/genblk4[4].iir/p_by0_reg[4]/D
                                                              -5.321        
i_dsp/genblk4[4].iir/y0_reg[1]/C
                               i_dsp/genblk4[4].iir/p_by0_reg[30]/D
                                                              -5.314        
i_dsp/genblk4[4].iir/y0_reg[1]/C
                               i_dsp/genblk4[4].iir/p_by0_reg[19]/D
                                                              -5.305        
i_dsp/genblk4[4].iir/y0_reg[1]/C
                               i_dsp/genblk4[4].iir/p_by0_reg[29]/D
                                                              -5.289        
i_dsp/genblk4[4].iir/y1b_reg[10]/C
                               i_dsp/genblk4[4].iir/p_by1_reg[24]/D
                                                              -5.260        
i_dsp/genblk4[4].iir/y1b_reg[2]/C
                               i_dsp/genblk4[4].iir/p_by1_reg[7]/D
                                                              -5.229        
i_dsp/genblk4[4].iir/y1b_reg[10]/C
                               i_dsp/genblk4[4].iir/p_by1_reg[23]/D
                                                              -5.216        
i_dsp/genblk4[4].iir/y1b_reg[2]/C
                               i_dsp/genblk4[4].iir/p_by1_reg[25]/D
                                                              -5.209        
i_dsp/genblk4[4].iir/y1b_reg[2]/C
                               i_dsp/genblk4[4].iir/p_by1_reg[3]/D
                                                              -5.209        
i_dsp/genblk4[4].iir/y1b_reg[2]/C
                               i_dsp/genblk4[4].iir/p_by1_reg[30]/D
                                                              -5.206        
i_dsp/genblk4[4].iir/y1b_reg[2]/C
                               i_dsp/genblk4[4].iir/p_by1_reg[19]/D
                                                              -5.187        
i_dsp/genblk4[4].iir/y1b_reg[10]/C
                               i_dsp/genblk4[4].iir/p_by1_reg[27]/D
                                                              -5.168        
i_dsp/genblk4[4].iir/y1b_reg[2]/C
                               i_dsp/genblk4[4].iir/p_by1_reg[5]/D
                                                              -5.168        
i_dsp/genblk4[4].iir/y1b_reg[2]/C
                               i_dsp/genblk4[4].iir/p_by1_reg[6]/D
                                                              -5.159        
i_dsp/genblk4[4].iir/y1b_reg[2]/C
                               i_dsp/genblk4[4].iir/p_by1_reg[4]/D
                                                              -5.125        
i_dsp/genblk4[4].iir/y1b_reg[10]/C
                               i_dsp/genblk4[4].iir/p_by1_reg[21]/D
                                                              -5.098        
i_dsp/genblk4[4].iir/y1b_reg[10]/C
                               i_dsp/genblk4[4].iir/p_by1_reg[28]/D
                                                              -5.086        
i_dsp/genblk6[7].iq_2_outputs/quadrature_filter_reg[7]/C
                               i_dsp/genblk6[7].iq_2_outputs/modulator/secondproduct1/D[7]
                                                              -5.081        
i_dsp/genblk4[4].iir/y1b_reg[2]/C
                               i_dsp/genblk4[4].iir/p_by1_reg[18]/D
                                                              -5.069        
i_dsp/genblk4[4].iir/y1b_reg[2]/C
                               i_dsp/genblk4[4].iir/p_by1_reg[8]/D
                                                              -5.066        
i_dsp/genblk4[4].iir/y1b_reg[2]/C
                               i_dsp/genblk4[4].iir/p_by1_reg[20]/D
                                                              -5.061        
i_dsp/genblk4[4].iir/y0_reg[1]/C
                               i_dsp/genblk4[4].iir/p_by0_reg[16]/D
                                                              -5.037        
i_dsp/genblk4[4].iir/y0_reg[1]/C
                               i_dsp/genblk4[4].iir/p_by0_reg[25]/D
                                                              -5.037        
i_dsp/genblk4[4].iir/y0_reg[1]/C
                               i_dsp/genblk4[4].iir/p_by0_reg[8]/D
                                                              -5.033        
i_dsp/genblk4[4].iir/y0_reg[1]/C
                               i_dsp/genblk4[4].iir/p_by0_reg[23]/D
                                                              -5.031        
i_dsp/genblk4[4].iir/y0_reg[1]/C
                               i_dsp/genblk4[4].iir/p_by0_reg[24]/D
                                                              -5.030        
i_dsp/genblk4[4].iir/y0_reg[1]/C
                               i_dsp/genblk4[4].iir/p_by0_reg[22]/D
                                                              -5.030        
i_dsp/genblk4[4].iir/y0_reg[1]/C
                               i_dsp/genblk4[4].iir/p_by0_reg[12]/D
                                                              -5.025        
i_dsp/genblk4[4].iir/y1b_reg[2]/C
                               i_dsp/genblk4[4].iir/p_by1_reg[1]/D
                                                              -5.023        
i_dsp/genblk4[4].iir/y0_reg[1]/C
                               i_dsp/genblk4[4].iir/p_by0_reg[9]/D
                                                              -5.021        
i_dsp/genblk4[4].iir/y1b_reg[10]/C
                               i_dsp/genblk4[4].iir/p_by1_reg[22]/D
                                                              -5.017        
i_dsp/genblk4[4].iir/y0_reg[1]/C
                               i_dsp/genblk4[4].iir/p_by0_reg[6]/D
                                                              -5.016        
i_dsp/genblk4[4].iir/y0_reg[1]/C
                               i_dsp/genblk4[4].iir/p_by0_reg[15]/D
                                                              -5.015        
i_dsp/genblk4[4].iir/y0_reg[1]/C
                               i_dsp/genblk4[4].iir/p_by0_reg[0]/D
                                                              -5.015        
i_dsp/genblk4[4].iir/y1b_reg[10]/C
                               i_dsp/genblk4[4].iir/p_by1_reg[14]/D
                                                              -4.967        
i_dsp/genblk4[4].iir/y1b_reg[10]/C
                               i_dsp/genblk4[4].iir/p_by1_reg[15]/D
                                                              -4.967        
i_dsp/genblk4[4].iir/y1b_reg[10]/C
                               i_dsp/genblk4[4].iir/p_by1_reg[10]/D
                                                              -4.955        
i_dsp/genblk4[4].iir/y1b_reg[10]/C
                               i_dsp/genblk4[4].iir/p_by1_reg[11]/D
                                                              -4.955        
i_dsp/genblk4[4].iir/y1b_reg[10]/C
                               i_dsp/genblk4[4].iir/p_by1_reg[29]/D
                                                              -4.942        
i_dsp/genblk6[7].iq_2_outputs/quadrature_filter_reg[7]/C
                               i_dsp/genblk6[7].iq_2_outputs/modulator/secondproduct1/D[3]
                                                              -4.940        
i_dsp/genblk4[4].iir/y1b_reg[10]/C
                               i_dsp/genblk4[4].iir/p_by1_reg[17]/D
                                                              -4.937        
i_dsp/genblk4[4].iir/y1b_reg[10]/C
                               i_dsp/genblk4[4].iir/p_by1_reg[16]/D
                                                              -4.933        
i_dsp/genblk4[4].iir/y1b_reg[10]/C
                               i_dsp/genblk4[4].iir/p_by1_reg[9]/D
                                                              -4.930        
i_dsp/genblk4[4].iir/y1b_reg[10]/C
                               i_dsp/genblk4[4].iir/p_by1_reg[13]/D
                                                              -4.927        
i_dsp/genblk4[4].iir/y1b_reg[10]/C
                               i_dsp/genblk4[4].iir/p_by1_reg[2]/D
                                                              -4.921        
i_dsp/genblk4[4].iir/y0_reg[1]/C
                               i_dsp/genblk4[4].iir/p_by0_reg[5]/D
                                                              -4.912        
i_dsp/genblk6[7].iq_2_outputs/quadrature_filter_reg[7]/C
                               i_dsp/genblk6[7].iq_2_outputs/modulator/secondproduct1/D[6]
                                                              -4.901        
i_dsp/genblk6[7].iq_2_outputs/quadrature_filter_reg[7]/C
                               i_dsp/genblk6[7].iq_2_outputs/modulator/secondproduct1/D[10]
                                                              -4.887        
i_dsp/genblk6[7].iq_2_outputs/quadrature_filter_reg[7]/C
                               i_dsp/genblk6[7].iq_2_outputs/modulator/secondproduct1/D[5]
                                                              -4.877        
i_dsp/genblk4[4].iir/y0_reg[1]/C
                               i_dsp/genblk4[4].iir/p_by0_reg[10]/D
                                                              -4.869        
i_dsp/genblk4[4].iir/y0_reg[1]/C
                               i_dsp/genblk4[4].iir/p_by0_reg[11]/D
                                                              -4.866        
i_dsp/genblk4[4].iir/y0_reg[1]/C
                               i_dsp/genblk4[4].iir/p_by0_reg[13]/D
                                                              -4.847        
i_dsp/genblk4[4].iir/y0_reg[1]/C
                               i_dsp/genblk4[4].iir/p_by0_reg[28]/D
                                                              -4.844        
i_dsp/genblk4[4].iir/y0_reg[1]/C
                               i_dsp/genblk4[4].iir/p_by0_reg[26]/D
                                                              -4.842        
i_dsp/genblk4[4].iir/y0_reg[1]/C
                               i_dsp/genblk4[4].iir/p_by0_reg[14]/D
                                                              -4.829        
i_dsp/genblk4[4].iir/y1a_reg[13]/C
                               i_dsp/genblk4[4].iir/p_ay1_reg[24]/D
                                                              -4.827        
i_dsp/genblk4[4].iir/y1b_reg[10]/C
                               i_dsp/genblk4[4].iir/p_by1_reg[12]/D
                                                              -4.821        
i_dsp/genblk6[7].iq_2_outputs/quadrature_filter_reg[7]/C
                               i_dsp/genblk6[7].iq_2_outputs/modulator/secondproduct1/D[12]
                                                              -4.813        
i_dsp/genblk4[4].iir/y1a_reg[13]/C
                               i_dsp/genblk4[4].iir/p_ay1_reg[30]/D
                                                              -4.813        
i_dsp/genblk4[4].iir/y1a_reg[13]/C
                               i_dsp/genblk4[4].iir/p_ay1_reg[7]/D
                                                              -4.811        
i_dsp/genblk4[4].iir/y1a_reg[13]/C
                               i_dsp/genblk4[4].iir/p_ay1_reg[9]/D
                                                              -4.809        
i_dsp/genblk4[4].iir/y1a_reg[13]/C
                               i_dsp/genblk4[4].iir/p_ay1_reg[18]/D
                                                              -4.789        
i_dsp/genblk4[4].iir/y1a_reg[13]/C
                               i_dsp/genblk4[4].iir/p_ay1_reg[8]/D
                                                              -4.789        
i_dsp/genblk6[7].iq_2_outputs/quadrature_filter_reg[7]/C
                               i_dsp/genblk6[7].iq_2_outputs/modulator/secondproduct1/D[2]
                                                              -4.787        
i_dsp/genblk6[7].iq_2_outputs/quadrature_filter_reg[7]/C
                               i_dsp/genblk6[7].iq_2_outputs/modulator/secondproduct1/D[8]
                                                              -4.763        
i_dsp/genblk6[7].iq_2_outputs/quadrature_filter_reg[7]/C
                               i_dsp/genblk6[7].iq_2_outputs/modulator/secondproduct1/D[11]
                                                              -4.733        
i_dsp/genblk4[4].iir/y1a_reg[13]/C
                               i_dsp/genblk4[4].iir/p_ay1_reg[6]/D
                                                              -4.733        
i_dsp/genblk4[4].iir/y1a_reg[13]/C
                               i_dsp/genblk4[4].iir/p_ay1_reg[0]/D
                                                              -4.715        
i_dsp/genblk4[4].iir/y1a_reg[13]/C
                               i_dsp/genblk4[4].iir/p_ay1_reg[19]/D
                                                              -4.691        
i_dsp/genblk4[4].iir/y1a_reg[13]/C
                               i_dsp/genblk4[4].iir/p_ay1_reg[27]/D
                                                              -4.683        
i_dsp/genblk4[4].iir/y1a_reg[13]/C
                               i_dsp/genblk4[4].iir/p_ay1_reg[28]/D
                                                              -4.680        
i_dsp/genblk4[4].iir/y1a_reg[13]/C
                               i_dsp/genblk4[4].iir/p_ay1_reg[1]/D
                                                              -4.649        
i_dsp/genblk4[4].iir/y1a_reg[13]/C
                               i_dsp/genblk4[4].iir/p_ay1_reg[20]/D
                                                              -4.643        
i_dsp/genblk6[7].iq_2_outputs/quadrature_filter_reg[7]/C
                               i_dsp/genblk6[7].iq_2_outputs/modulator/secondproduct1/D[1]
                                                              -4.642        
i_dsp/genblk4[4].iir/y1a_reg[13]/C
                               i_dsp/genblk4[4].iir/p_ay1_reg[12]/D
                                                              -4.628        
i_ps/axi_slave_gp0/wr_wdata_reg[2]/C
                               i_dsp/genblk6[7].iq_2_outputs/shift_phase_reg[2]/D
                                                              -4.623        
i_dsp/genblk4[4].iir/y1a_reg[13]/C
                               i_dsp/genblk4[4].iir/p_ay1_reg[26]/D
                                                              -4.612        
i_dsp/genblk6[7].iq_2_outputs/quadrature_filter_reg[7]/C
                               i_dsp/genblk6[7].iq_2_outputs/modulator/secondproduct1/D[4]
                                                              -4.595        
i_dsp/genblk4[4].iir/y1a_reg[13]/C
                               i_dsp/genblk4[4].iir/p_ay1_reg[10]/D
                                                              -4.595        
i_dsp/genblk4[4].iir/y1a_reg[13]/C
                               i_dsp/genblk4[4].iir/p_ay1_reg[13]/D
                                                              -4.590        
i_dsp/genblk4[4].iir/y1a_reg[13]/C
                               i_dsp/genblk4[4].iir/p_ay1_reg[5]/D
                                                              -4.590        
i_dsp/genblk4[4].iir/y1a_reg[13]/C
                               i_dsp/genblk4[4].iir/overflow_reg[0]/D
                                                              -4.588        
i_dsp/genblk4[4].iir/y1a_reg[13]/C
                               i_dsp/genblk4[4].iir/p_ay1_reg[21]/D
                                                              -4.584        
i_dsp/genblk4[4].iir/y2a_reg[11]/C
                               i_dsp/genblk4[4].iir/p_ay2_reg[13]/D
                                                              -4.583        
i_dsp/genblk4[4].iir/y1a_reg[13]/C
                               i_dsp/genblk4[4].iir/p_ay1_reg[4]/D
                                                              -4.576        
i_dsp/genblk4[4].iir/y1a_reg[13]/C
                               i_dsp/genblk4[4].iir/p_ay1_reg[22]/D
                                                              -4.575        
i_dsp/genblk6[7].iq_2_outputs/quadrature_filter_reg[7]/C
                               i_dsp/genblk6[7].iq_2_outputs/modulator/secondproduct1/D[9]
                                                              -4.572        
pwm[2]/vcnt_r_reg[1]/C         pwm[2]/pwm_o_reg/D             -0.521        
pwm[1]/v_r_reg[1]/C            pwm[1]/pwm_o_reg/D             -0.347        
i_ps/system_i/system_i/xadc/inst/INTR_CTRLR_GEN_I.ip2bus_rdack_reg/C
                               i_ps/system_i/system_i/axi_protocol_converter_0/inst/gen_axilite.gen_b2s_conv.axilite_b2s/RD.ar_channel_0/cmd_translator_0/incr_cmd_0/axlen_cnt_reg[4]/CE
                                                              -0.302        
i_ps/system_i/system_i/xadc/inst/INTR_CTRLR_GEN_I.ip2bus_rdack_reg/C
                               i_ps/system_i/system_i/axi_protocol_converter_0/inst/gen_axilite.gen_b2s_conv.axilite_b2s/RD.ar_channel_0/cmd_translator_0/incr_cmd_0/axlen_cnt_reg[5]/CE
                                                              -0.302        
i_ps/system_i/system_i/xadc/inst/INTR_CTRLR_GEN_I.ip2bus_rdack_reg/C
                               i_ps/system_i/system_i/axi_protocol_converter_0/inst/gen_axilite.gen_b2s_conv.axilite_b2s/RD.ar_channel_0/cmd_translator_0/incr_cmd_0/axlen_cnt_reg[6]/CE
                                                              -0.302        
i_ps/system_i/system_i/xadc/inst/INTR_CTRLR_GEN_I.ip2bus_rdack_reg/C
                               i_ps/system_i/system_i/axi_protocol_converter_0/inst/gen_axilite.gen_b2s_conv.axilite_b2s/RD.ar_channel_0/cmd_translator_0/incr_cmd_0/axlen_cnt_reg[7]/CE
                                                              -0.302        
i_ps/system_i/system_i/axi_protocol_converter_0/inst/gen_axilite.gen_b2s_conv.axilite_b2s/SI_REG/aw.aw_pipe/m_payload_i_reg[8]/C
                               i_ps/system_i/system_i/xadc/inst/AXI_LITE_IPIF_I/I_SLAVE_ATTACHMENT/I_DECODER/GEN_BKEND_CE_REGISTERS[3].ce_out_i_reg[3]/D
                                                              -0.294        
i_ps/system_i/system_i/axi_protocol_converter_0/inst/gen_axilite.gen_b2s_conv.axilite_b2s/SI_REG/aw.aw_pipe/m_payload_i_reg[8]/C
                               i_ps/system_i/system_i/xadc/inst/AXI_LITE_IPIF_I/I_SLAVE_ATTACHMENT/I_DECODER/GEN_BKEND_CE_REGISTERS[2].ce_out_i_reg[2]/D
                                                              -0.289        
i_ps/system_i/system_i/axi_protocol_converter_0/inst/gen_axilite.gen_b2s_conv.axilite_b2s/SI_REG/aw.aw_pipe/m_payload_i_reg[8]/C
                               i_ps/system_i/system_i/xadc/inst/AXI_LITE_IPIF_I/I_SLAVE_ATTACHMENT/I_DECODER/GEN_BKEND_CE_REGISTERS[7].ce_out_i_reg[7]/D
                                                              -0.273        
i_ps/system_i/system_i/xadc/inst/INTR_CTRLR_GEN_I.ip2bus_rdack_reg/C
                               i_ps/system_i/system_i/axi_protocol_converter_0/inst/gen_axilite.gen_b2s_conv.axilite_b2s/RD.ar_channel_0/cmd_translator_0/incr_cmd_0/axaddr_incr_reg[3]/D
                                                              -0.271        
pwm[3]/v_r_reg[2]/C            pwm[3]/pwm_o_reg/D             -0.187        
i_ps/system_i/system_i/axi_protocol_converter_0/inst/gen_axilite.gen_b2s_conv.axilite_b2s/SI_REG/aw.aw_pipe/m_payload_i_reg[8]/C
                               i_ps/system_i/system_i/xadc/inst/AXI_LITE_IPIF_I/I_SLAVE_ATTACHMENT/I_DECODER/GEN_BKEND_CE_REGISTERS[5].ce_out_i_reg[5]/D
                                                              -0.160        
i_ps/system_i/system_i/axi_protocol_converter_0/inst/gen_axilite.gen_b2s_conv.axilite_b2s/SI_REG/aw.aw_pipe/m_payload_i_reg[8]/C
                               i_ps/system_i/system_i/xadc/inst/AXI_LITE_IPIF_I/I_SLAVE_ATTACHMENT/I_DECODER/GEN_BKEND_CE_REGISTERS[4].ce_out_i_reg[4]/D
                                                              -0.150        
pwm[0]/vcnt_r_reg[0]/C         pwm[0]/pwm_o_reg/D             -0.139        
i_ps/system_i/system_i/axi_protocol_converter_0/inst/gen_axilite.gen_b2s_conv.axilite_b2s/SI_REG/aw.aw_pipe/m_payload_i_reg[2]/C
                               i_ps/system_i/system_i/xadc/inst/AXI_XADC_CORE_I/XADC_INST/DADDR[0]
                                                              -0.110        
i_ps/system_i/system_i/axi_protocol_converter_0/inst/gen_axilite.gen_b2s_conv.axilite_b2s/WR.aw_channel_0/cmd_translator_0/wrap_cmd_0/sel_first_reg/C
                               i_ps/system_i/system_i/xadc/inst/AXI_XADC_CORE_I/XADC_INST/DADDR[6]
                                                              -0.105        
i_ps/system_i/system_i/axi_protocol_converter_0/inst/gen_axilite.gen_b2s_conv.axilite_b2s/SI_REG/aw.aw_pipe/m_payload_i_reg[8]/C
                               i_ps/system_i/system_i/xadc/inst/AXI_LITE_IPIF_I/I_SLAVE_ATTACHMENT/I_DECODER/GEN_BKEND_CE_REGISTERS[22].ce_out_i_reg[22]/D
                                                              -0.095        
i_ps/system_i/system_i/axi_protocol_converter_0/inst/gen_axilite.gen_b2s_conv.axilite_b2s/SI_REG/aw.aw_pipe/m_payload_i_reg[8]/C
                               i_ps/system_i/system_i/xadc/inst/AXI_LITE_IPIF_I/I_SLAVE_ATTACHMENT/I_DECODER/GEN_BKEND_CE_REGISTERS[21].ce_out_i_reg[21]/D
                                                              -0.091        
i_ps/system_i/system_i/xadc/inst/AXI_LITE_IPIF_I/I_SLAVE_ATTACHMENT/INCLUDE_DPHASE_TIMER.dpto_cnt_reg[6]/C
                               i_ps/system_i/system_i/axi_protocol_converter_0/inst/gen_axilite.gen_b2s_conv.axilite_b2s/WR.aw_channel_0/cmd_translator_0/incr_cmd_0/axlen_cnt_reg[7]/CE
                                                              -0.066        
i_ps/system_i/system_i/axi_protocol_converter_0/inst/gen_axilite.gen_b2s_conv.axilite_b2s/RD.ar_channel_0/cmd_translator_0/incr_cmd_0/axlen_cnt_reg[7]/C
                               i_ps/system_i/system_i/axi_protocol_converter_0/inst/gen_axilite.gen_b2s_conv.axilite_b2s/RD.ar_channel_0/cmd_translator_0/s_axburst_eq0_reg/D
                                                              -0.051        
i_ps/system_i/system_i/axi_protocol_converter_0/inst/gen_axilite.gen_b2s_conv.axilite_b2s/RD.ar_channel_0/ar_cmd_fsm_0/FSM_sequential_state_reg[1]/C
                               i_ps/system_i/system_i/axi_protocol_converter_0/inst/gen_axilite.gen_b2s_conv.axilite_b2s/RD.ar_channel_0/cmd_translator_0/wrap_cmd_0/wrap_cnt_r_reg[0]/D
                                                              -0.042        
i_ps/system_i/system_i/axi_protocol_converter_0/inst/gen_axilite.gen_b2s_conv.axilite_b2s/RD.ar_channel_0/ar_cmd_fsm_0/FSM_sequential_state_reg[1]/C
                               i_ps/system_i/system_i/axi_protocol_converter_0/inst/gen_axilite.gen_b2s_conv.axilite_b2s/RD.ar_channel_0/cmd_translator_0/wrap_cmd_0/wrap_cnt_r_reg[2]/D
                                                              -0.036        
i_ps/system_i/system_i/axi_protocol_converter_0/inst/gen_axilite.gen_b2s_conv.axilite_b2s/RD.ar_channel_0/ar_cmd_fsm_0/FSM_sequential_state_reg[1]/C
                               i_ps/system_i/system_i/axi_protocol_converter_0/inst/gen_axilite.gen_b2s_conv.axilite_b2s/RD.ar_channel_0/cmd_translator_0/wrap_cmd_0/wrap_cnt_r_reg[1]/D
                                                              -0.035        
i_ps/system_i/system_i/axi_protocol_converter_0/inst/gen_axilite.gen_b2s_conv.axilite_b2s/RD.ar_channel_0/cmd_translator_0/incr_cmd_0/axlen_cnt_reg[7]/C
                               i_ps/system_i/system_i/axi_protocol_converter_0/inst/gen_axilite.gen_b2s_conv.axilite_b2s/RD.ar_channel_0/cmd_translator_0/s_axburst_eq1_reg/D
                                                              -0.033        
i_ps/system_i/system_i/axi_protocol_converter_0/inst/gen_axilite.gen_b2s_conv.axilite_b2s/SI_REG/aw.aw_pipe/m_payload_i_reg[8]/C
                               i_ps/system_i/system_i/xadc/inst/AXI_LITE_IPIF_I/I_SLAVE_ATTACHMENT/I_DECODER/GEN_BKEND_CE_REGISTERS[19].ce_out_i_reg[19]/D
                                                              -0.032        
i_ps/system_i/system_i/axi_protocol_converter_0/inst/gen_axilite.gen_b2s_conv.axilite_b2s/SI_REG/aw.aw_pipe/m_payload_i_reg[8]/C
                               i_ps/system_i/system_i/xadc/inst/AXI_LITE_IPIF_I/I_SLAVE_ATTACHMENT/I_DECODER/GEN_BKEND_CE_REGISTERS[18].ce_out_i_reg[18]/D
                                                              -0.032        
i_ps/system_i/system_i/axi_protocol_converter_0/inst/gen_axilite.gen_b2s_conv.axilite_b2s/WR.b_channel_0/bresp_fifo_0/cnt_read_reg[1]/C
                               i_ps/system_i/system_i/xadc/inst/AXI_LITE_IPIF_I/I_SLAVE_ATTACHMENT/INCLUDE_DPHASE_TIMER.dpto_cnt_reg[6]/CE
                                                              -0.022        
i_ps/system_i/system_i/axi_protocol_converter_0/inst/gen_axilite.gen_b2s_conv.axilite_b2s/SI_REG/aw.aw_pipe/m_payload_i_reg[8]/C
                               i_ps/system_i/system_i/xadc/inst/AXI_LITE_IPIF_I/I_SLAVE_ATTACHMENT/I_DECODER/GEN_BKEND_CE_REGISTERS[23].ce_out_i_reg[23]/D
                                                              -0.019        
i_ps/system_i/system_i/axi_protocol_converter_0/inst/gen_axilite.gen_b2s_conv.axilite_b2s/SI_REG/aw.aw_pipe/m_payload_i_reg[8]/C
                               i_ps/system_i/system_i/xadc/inst/AXI_LITE_IPIF_I/I_SLAVE_ATTACHMENT/I_DECODER/GEN_BKEND_CE_REGISTERS[17].ce_out_i_reg[17]/D
                                                              -0.012        
i_ps/system_i/system_i/axi_protocol_converter_0/inst/gen_axilite.gen_b2s_conv.axilite_b2s/SI_REG/aw.aw_pipe/m_payload_i_reg[8]/C
                               i_ps/system_i/system_i/xadc/inst/AXI_LITE_IPIF_I/I_SLAVE_ATTACHMENT/I_DECODER/GEN_BKEND_CE_REGISTERS[8].ce_out_i_reg[8]/D
                                                              -0.008        
i_ps/system_i/system_i/axi_protocol_converter_0/inst/gen_axilite.gen_b2s_conv.axilite_b2s/RD.ar_channel_0/cmd_translator_0/wrap_cmd_0/axaddr_wrap_reg[6]/C
                               i_ps/system_i/system_i/xadc/inst/AXI_XADC_CORE_I/XADC_INST/DADDR[4]
                                                              -0.006        
i_ps/system_i/system_i/axi_protocol_converter_0/inst/gen_axilite.gen_b2s_conv.axilite_b2s/SI_REG/ar.ar_pipe/m_payload_i_reg[3]/C
                               i_ps/system_i/system_i/xadc/inst/AXI_LITE_IPIF_I/I_SLAVE_ATTACHMENT/I_DECODER/GEN_BKEND_CE_REGISTERS[20].ce_out_i_reg[20]/D
                                                              0.001         
i_ps/system_i/system_i/axi_protocol_converter_0/inst/gen_axilite.gen_b2s_conv.axilite_b2s/SI_REG/aw.aw_pipe/m_payload_i_reg[8]/C
                               i_ps/system_i/system_i/xadc/inst/AXI_LITE_IPIF_I/I_SLAVE_ATTACHMENT/I_DECODER/GEN_BKEND_CE_REGISTERS[10].ce_out_i_reg[10]/D
                                                              0.009         
i_ps/system_i/system_i/xadc/inst/INTR_CTRLR_GEN_I.ip2bus_rdack_reg/C
                               i_ps/system_i/system_i/axi_protocol_converter_0/inst/gen_axilite.gen_b2s_conv.axilite_b2s/RD.ar_channel_0/cmd_translator_0/wrap_cmd_0/wrap_cnt_r_reg[0]/CE
                                                              0.010         
i_ps/system_i/system_i/xadc/inst/INTR_CTRLR_GEN_I.ip2bus_rdack_reg/C
                               i_ps/system_i/system_i/axi_protocol_converter_0/inst/gen_axilite.gen_b2s_conv.axilite_b2s/RD.ar_channel_0/cmd_translator_0/wrap_cmd_0/wrap_cnt_r_reg[1]/CE
                                                              0.010         
i_ps/system_i/system_i/xadc/inst/INTR_CTRLR_GEN_I.ip2bus_rdack_reg/C
                               i_ps/system_i/system_i/axi_protocol_converter_0/inst/gen_axilite.gen_b2s_conv.axilite_b2s/RD.ar_channel_0/cmd_translator_0/wrap_cmd_0/wrap_cnt_r_reg[2]/CE
                                                              0.010         
i_ps/system_i/system_i/axi_protocol_converter_0/inst/gen_axilite.gen_b2s_conv.axilite_b2s/SI_REG/aw.aw_pipe/m_payload_i_reg[8]/C
                               i_ps/system_i/system_i/xadc/inst/AXI_LITE_IPIF_I/I_SLAVE_ATTACHMENT/I_DECODER/GEN_BKEND_CE_REGISTERS[0].ce_out_i_reg[0]/D
                                                              0.014         
i_ps/system_i/system_i/xadc/inst/AXI_LITE_IPIF_I/I_SLAVE_ATTACHMENT/INCLUDE_DPHASE_TIMER.dpto_cnt_reg[6]/C
                               i_ps/system_i/system_i/axi_protocol_converter_0/inst/gen_axilite.gen_b2s_conv.axilite_b2s/WR.aw_channel_0/cmd_translator_0/incr_cmd_0/axlen_cnt_reg[4]/CE
                                                              0.020         
i_ps/system_i/system_i/xadc/inst/AXI_LITE_IPIF_I/I_SLAVE_ATTACHMENT/INCLUDE_DPHASE_TIMER.dpto_cnt_reg[6]/C
                               i_ps/system_i/system_i/axi_protocol_converter_0/inst/gen_axilite.gen_b2s_conv.axilite_b2s/WR.aw_channel_0/cmd_translator_0/incr_cmd_0/axlen_cnt_reg[5]/CE
                                                              0.020         
i_ps/system_i/system_i/xadc/inst/AXI_LITE_IPIF_I/I_SLAVE_ATTACHMENT/INCLUDE_DPHASE_TIMER.dpto_cnt_reg[6]/C
                               i_ps/system_i/system_i/axi_protocol_converter_0/inst/gen_axilite.gen_b2s_conv.axilite_b2s/WR.aw_channel_0/cmd_translator_0/incr_cmd_0/axlen_cnt_reg[6]/CE
                                                              0.020         
i_ps/system_i/system_i/axi_protocol_converter_0/inst/gen_axilite.gen_b2s_conv.axilite_b2s/SI_REG/aw.aw_pipe/m_payload_i_reg[8]/C
                               i_ps/system_i/system_i/xadc/inst/AXI_LITE_IPIF_I/I_SLAVE_ATTACHMENT/I_DECODER/GEN_BKEND_CE_REGISTERS[6].ce_out_i_reg[6]/D
                                                              0.020         
i_ps/system_i/system_i/axi_protocol_converter_0/inst/gen_axilite.gen_b2s_conv.axilite_b2s/SI_REG/ar.ar_pipe/m_payload_i_reg[3]/C
                               i_ps/system_i/system_i/xadc/inst/AXI_LITE_IPIF_I/I_SLAVE_ATTACHMENT/I_DECODER/GEN_BKEND_CE_REGISTERS[11].ce_out_i_reg[11]/D
                                                              0.021         
i_ps/system_i/system_i/axi_protocol_converter_0/inst/gen_axilite.gen_b2s_conv.axilite_b2s/SI_REG/aw.aw_pipe/m_payload_i_reg[8]/C
                               i_ps/system_i/system_i/xadc/inst/AXI_LITE_IPIF_I/I_SLAVE_ATTACHMENT/I_DECODER/GEN_BKEND_CE_REGISTERS[1].ce_out_i_reg[1]/D
                                                              0.021         
i_ps/system_i/system_i/axi_protocol_converter_0/inst/gen_axilite.gen_b2s_conv.axilite_b2s/RD.ar_channel_0/ar_cmd_fsm_0/FSM_sequential_state_reg[1]/C
                               i_ps/system_i/system_i/axi_protocol_converter_0/inst/gen_axilite.gen_b2s_conv.axilite_b2s/RD.ar_channel_0/cmd_translator_0/wrap_cmd_0/wrap_cnt_r_reg[3]/D
                                                              0.022         
i_ps/system_i/system_i/axi_protocol_converter_0/inst/gen_axilite.gen_b2s_conv.axilite_b2s/RD.ar_channel_0/ar_cmd_fsm_0/FSM_sequential_state_reg[1]/C
                               i_ps/system_i/system_i/axi_protocol_converter_0/inst/gen_axilite.gen_b2s_conv.axilite_b2s/RD.ar_channel_0/cmd_translator_0/wrap_cmd_0/wrap_second_len_r_reg[1]/D
                                                              0.040         
i_ps/system_i/system_i/axi_protocol_converter_0/inst/gen_axilite.gen_b2s_conv.axilite_b2s/WR.b_channel_0/bresp_fifo_0/cnt_read_reg[1]/C
                               i_ps/system_i/system_i/xadc/inst/AXI_LITE_IPIF_I/I_SLAVE_ATTACHMENT/INCLUDE_DPHASE_TIMER.dpto_cnt_reg[0]/CE
                                                              0.046         
i_ps/system_i/system_i/axi_protocol_converter_0/inst/gen_axilite.gen_b2s_conv.axilite_b2s/WR.b_channel_0/bresp_fifo_0/cnt_read_reg[1]/C
                               i_ps/system_i/system_i/xadc/inst/AXI_LITE_IPIF_I/I_SLAVE_ATTACHMENT/INCLUDE_DPHASE_TIMER.dpto_cnt_reg[1]/CE
                                                              0.046         
i_ps/system_i/system_i/axi_protocol_converter_0/inst/gen_axilite.gen_b2s_conv.axilite_b2s/WR.b_channel_0/bresp_fifo_0/cnt_read_reg[1]/C
                               i_ps/system_i/system_i/xadc/inst/AXI_LITE_IPIF_I/I_SLAVE_ATTACHMENT/INCLUDE_DPHASE_TIMER.dpto_cnt_reg[2]/CE
                                                              0.046         
i_ps/system_i/system_i/axi_protocol_converter_0/inst/gen_axilite.gen_b2s_conv.axilite_b2s/WR.b_channel_0/bresp_fifo_0/cnt_read_reg[1]/C
                               i_ps/system_i/system_i/xadc/inst/AXI_LITE_IPIF_I/I_SLAVE_ATTACHMENT/INCLUDE_DPHASE_TIMER.dpto_cnt_reg[3]/CE
                                                              0.046         
i_ps/system_i/system_i/axi_protocol_converter_0/inst/gen_axilite.gen_b2s_conv.axilite_b2s/WR.b_channel_0/bresp_fifo_0/cnt_read_reg[1]/C
                               i_ps/system_i/system_i/xadc/inst/AXI_LITE_IPIF_I/I_SLAVE_ATTACHMENT/INCLUDE_DPHASE_TIMER.dpto_cnt_reg[4]/CE
                                                              0.046         
i_ps/system_i/system_i/axi_protocol_converter_0/inst/gen_axilite.gen_b2s_conv.axilite_b2s/WR.b_channel_0/bresp_fifo_0/cnt_read_reg[1]/C
                               i_ps/system_i/system_i/xadc/inst/AXI_LITE_IPIF_I/I_SLAVE_ATTACHMENT/INCLUDE_DPHASE_TIMER.dpto_cnt_reg[5]/CE
                                                              0.046         
i_ps/system_i/system_i/axi_protocol_converter_0/inst/gen_axilite.gen_b2s_conv.axilite_b2s/WR.b_channel_0/bid_fifo_0/cnt_read_reg[1]/C
                               i_ps/system_i/system_i/axi_protocol_converter_0/inst/gen_axilite.gen_b2s_conv.axilite_b2s/WR.b_channel_0/bresp_fifo_0/memory_reg[3][1]_srl4/CE
                                                              0.052         
i_ps/system_i/system_i/xadc/inst/INTR_CTRLR_GEN_I.ip2bus_rdack_reg/C
                               i_ps/system_i/system_i/axi_protocol_converter_0/inst/gen_axilite.gen_b2s_conv.axilite_b2s/RD.ar_channel_0/cmd_translator_0/incr_cmd_0/axaddr_incr_reg[1]/CE
                                                              0.069         
i_ps/system_i/system_i/xadc/inst/INTR_CTRLR_GEN_I.ip2bus_rdack_reg/C
                               i_ps/system_i/system_i/axi_protocol_converter_0/inst/gen_axilite.gen_b2s_conv.axilite_b2s/RD.ar_channel_0/cmd_translator_0/incr_cmd_0/axaddr_incr_reg[5]/CE
                                                              0.069         
i_ps/system_i/system_i/xadc/inst/INTR_CTRLR_GEN_I.ip2bus_rdack_reg/C
                               i_ps/system_i/system_i/axi_protocol_converter_0/inst/gen_axilite.gen_b2s_conv.axilite_b2s/RD.ar_channel_0/cmd_translator_0/incr_cmd_0/axaddr_incr_reg[6]/CE
                                                              0.069         
i_ps/system_i/system_i/xadc/inst/INTR_CTRLR_GEN_I.ip2bus_rdack_reg/C
                               i_ps/system_i/system_i/axi_protocol_converter_0/inst/gen_axilite.gen_b2s_conv.axilite_b2s/RD.ar_channel_0/cmd_translator_0/incr_cmd_0/axaddr_incr_reg[7]/CE
                                                              0.069         
i_ps/system_i/system_i/axi_protocol_converter_0/inst/gen_axilite.gen_b2s_conv.axilite_b2s/SI_REG/aw.aw_pipe/m_payload_i_reg[8]/C
                               i_ps/system_i/system_i/xadc/inst/AXI_LITE_IPIF_I/I_SLAVE_ATTACHMENT/I_DECODER/GEN_BKEND_CE_REGISTERS[15].ce_out_i_reg[15]/D
                                                              0.072         
i_ps/system_i/system_i/axi_protocol_converter_0/inst/gen_axilite.gen_b2s_conv.axilite_b2s/SI_REG/aw.aw_pipe/m_payload_i_reg[8]/C
                               i_ps/system_i/system_i/xadc/inst/AXI_LITE_IPIF_I/I_SLAVE_ATTACHMENT/I_DECODER/GEN_BKEND_CE_REGISTERS[9].ce_out_i_reg[9]/D
                                                              0.076         
i_ps/system_i/system_i/axi_protocol_converter_0/inst/gen_axilite.gen_b2s_conv.axilite_b2s/SI_REG/aw.aw_pipe/m_payload_i_reg[2]/C
                               i_ps/system_i/system_i/xadc/inst/AXI_LITE_IPIF_I/I_SLAVE_ATTACHMENT/I_DECODER/GEN_BKEND_CE_REGISTERS[13].ce_out_i_reg[13]/D
                                                              0.077         
i_ps/system_i/system_i/xadc/inst/INTR_CTRLR_GEN_I.ip2bus_rdack_reg/C
                               i_ps/system_i/system_i/axi_protocol_converter_0/inst/gen_axilite.gen_b2s_conv.axilite_b2s/RD.ar_channel_0/cmd_translator_0/incr_cmd_0/axaddr_incr_reg[0]/CE
                                                              0.087         
pwm[3]/vcnt_reg[0]/C           pwm[3]/bcnt_reg[0]/CE          0.089         
pwm[3]/vcnt_reg[0]/C           pwm[3]/bcnt_reg[1]/CE          0.089         
pwm[3]/vcnt_reg[0]/C           pwm[3]/bcnt_reg[2]/CE          0.089         
pwm[3]/vcnt_reg[0]/C           pwm[3]/bcnt_reg[3]/CE          0.089         
i_ps/system_i/system_i/axi_protocol_converter_0/inst/gen_axilite.gen_b2s_conv.axilite_b2s/WR.aw_channel_0/cmd_translator_0/wrap_cmd_0/axaddr_wrap_reg[4]/C
                               i_ps/system_i/system_i/xadc/inst/AXI_XADC_CORE_I/XADC_INST/DADDR[2]
                                                              0.092         
i_ps/system_i/system_i/xadc/inst/INTR_CTRLR_GEN_I.ip2bus_rdack_reg/C
                               i_ps/system_i/system_i/axi_protocol_converter_0/inst/gen_axilite.gen_b2s_conv.axilite_b2s/RD.ar_channel_0/cmd_translator_0/incr_cmd_0/axaddr_incr_reg[8]/D
                                                              0.098         
i_ps/system_i/system_i/axi_protocol_converter_0/inst/gen_axilite.gen_b2s_conv.axilite_b2s/SI_REG/aw.aw_pipe/m_payload_i_reg[5]/C
                               i_ps/system_i/system_i/axi_protocol_converter_0/inst/gen_axilite.gen_b2s_conv.axilite_b2s/WR.aw_channel_0/cmd_translator_0/wrap_cmd_0/wrap_cnt_r_reg[3]/D
                                                              0.100         
i_ps/system_i/system_i/axi_protocol_converter_0/inst/gen_axilite.gen_b2s_conv.axilite_b2s/SI_REG/aw.aw_pipe/m_payload_i_reg[8]/C
                               i_ps/system_i/system_i/xadc/inst/AXI_LITE_IPIF_I/I_SLAVE_ATTACHMENT/I_DECODER/GEN_BKEND_CE_REGISTERS[12].ce_out_i_reg[12]/D
                                                              0.111         
i_ps/system_i/system_i/axi_protocol_converter_0/inst/gen_axilite.gen_b2s_conv.axilite_b2s/SI_REG/ar.ar_pipe/m_payload_i_reg[3]/C
                               i_ps/system_i/system_i/xadc/inst/AXI_XADC_CORE_I/XADC_INST/DADDR[1]
                                                              0.114         
i_ps/system_i/system_i/axi_protocol_converter_0/inst/gen_axilite.gen_b2s_conv.axilite_b2s/SI_REG/aw.aw_pipe/m_payload_i_reg[7]/C
                               i_ps/system_i/system_i/xadc/inst/AXI_XADC_CORE_I/XADC_INST/DADDR[5]
                                                              0.124         
i_ps/system_i/system_i/xadc/inst/INTR_CTRLR_GEN_I.ip2bus_rdack_reg/C
                               i_ps/system_i/system_i/axi_protocol_converter_0/inst/gen_axilite.gen_b2s_conv.axilite_b2s/RD.ar_channel_0/cmd_translator_0/incr_cmd_0/axaddr_incr_reg[2]/D
                                                              0.136         
i_ps/system_i/system_i/xadc/inst/AXI_LITE_IPIF_I/I_SLAVE_ATTACHMENT/INCLUDE_DPHASE_TIMER.dpto_cnt_reg[6]/C
                               i_ps/system_i/system_i/axi_protocol_converter_0/inst/gen_axilite.gen_b2s_conv.axilite_b2s/WR.aw_channel_0/cmd_translator_0/incr_cmd_0/axaddr_incr_reg[8]/D
                                                              0.147         
i_ps/system_i/system_i/xadc/inst/AXI_LITE_IPIF_I/I_SLAVE_ATTACHMENT/INCLUDE_DPHASE_TIMER.dpto_cnt_reg[6]/C
                               i_ps/system_i/system_i/axi_protocol_converter_0/inst/gen_axilite.gen_b2s_conv.axilite_b2s/WR.aw_channel_0/cmd_translator_0/wrap_cmd_0/wrap_cnt_r_reg[0]/CE
                                                              0.155         
i_ps/system_i/system_i/xadc/inst/AXI_LITE_IPIF_I/I_SLAVE_ATTACHMENT/INCLUDE_DPHASE_TIMER.dpto_cnt_reg[6]/C
                               i_ps/system_i/system_i/axi_protocol_converter_0/inst/gen_axilite.gen_b2s_conv.axilite_b2s/WR.aw_channel_0/cmd_translator_0/wrap_cmd_0/wrap_cnt_r_reg[1]/CE
                                                              0.155         
i_ps/system_i/system_i/xadc/inst/AXI_LITE_IPIF_I/I_SLAVE_ATTACHMENT/INCLUDE_DPHASE_TIMER.dpto_cnt_reg[6]/C
                               i_ps/system_i/system_i/axi_protocol_converter_0/inst/gen_axilite.gen_b2s_conv.axilite_b2s/WR.aw_channel_0/cmd_translator_0/wrap_cmd_0/wrap_cnt_r_reg[2]/CE
                                                              0.155         
i_ps/system_i/system_i/xadc/inst/INTR_CTRLR_GEN_I.ip2bus_rdack_reg/C
                               i_ps/system_i/system_i/axi_protocol_converter_0/inst/gen_axilite.gen_b2s_conv.axilite_b2s/RD.ar_channel_0/cmd_translator_0/incr_cmd_0/axaddr_incr_reg[9]/D
                                                              0.160         
i_ps/system_i/system_i/xadc/inst/INTR_CTRLR_GEN_I.ip2bus_rdack_reg/C
                               i_ps/system_i/system_i/axi_protocol_converter_0/inst/gen_axilite.gen_b2s_conv.axilite_b2s/RD.ar_channel_0/cmd_translator_0/incr_cmd_0/axaddr_incr_reg[7]/D
                                                              0.174         
i_ps/system_i/system_i/xadc/inst/AXI_LITE_IPIF_I/I_SLAVE_ATTACHMENT/INCLUDE_DPHASE_TIMER.dpto_cnt_reg[6]/C
                               i_ps/system_i/system_i/axi_protocol_converter_0/inst/gen_axilite.gen_b2s_conv.axilite_b2s/WR.aw_channel_0/cmd_translator_0/s_axburst_eq0_reg/D
                                                              0.195         
i_ps/system_i/system_i/xadc/inst/INTR_CTRLR_GEN_I.ip2bus_rdack_reg/C
                               i_ps/system_i/system_i/axi_protocol_converter_0/inst/gen_axilite.gen_b2s_conv.axilite_b2s/RD.ar_channel_0/cmd_translator_0/incr_cmd_0/axlen_cnt_reg[4]/R
                                                              0.195         
i_ps/system_i/system_i/xadc/inst/INTR_CTRLR_GEN_I.ip2bus_rdack_reg/C
                               i_ps/system_i/system_i/axi_protocol_converter_0/inst/gen_axilite.gen_b2s_conv.axilite_b2s/RD.ar_channel_0/cmd_translator_0/incr_cmd_0/axlen_cnt_reg[5]/R
                                                              0.195         
i_ps/system_i/system_i/xadc/inst/INTR_CTRLR_GEN_I.ip2bus_rdack_reg/C
                               i_ps/system_i/system_i/axi_protocol_converter_0/inst/gen_axilite.gen_b2s_conv.axilite_b2s/RD.ar_channel_0/cmd_translator_0/incr_cmd_0/axlen_cnt_reg[6]/R
                                                              0.195         
i_ps/system_i/system_i/xadc/inst/INTR_CTRLR_GEN_I.ip2bus_rdack_reg/C
                               i_ps/system_i/system_i/axi_protocol_converter_0/inst/gen_axilite.gen_b2s_conv.axilite_b2s/RD.ar_channel_0/cmd_translator_0/incr_cmd_0/axlen_cnt_reg[7]/R
                                                              0.195         
pwm[3]/vcnt_reg[0]/C           pwm[3]/v_reg[2]/CE             0.206         
pwm[3]/vcnt_reg[0]/C           pwm[3]/v_reg[3]/CE             0.206         
pwm[3]/vcnt_reg[0]/C           pwm[3]/v_reg[6]/CE             0.206         
pwm[3]/vcnt_reg[0]/C           pwm[3]/v_reg[7]/CE             0.206         
i_ps/system_i/system_i/axi_protocol_converter_0/inst/gen_axilite.gen_b2s_conv.axilite_b2s/RD.r_channel_0/rd_data_fifo_0/cnt_read_reg[4]/C
                               i_ps/system_i/system_i/axi_protocol_converter_0/inst/gen_axilite.gen_b2s_conv.axilite_b2s/RD.r_channel_0/rd_data_fifo_0/cnt_read_reg[0]/CE
                                                              0.206         
i_ps/system_i/system_i/axi_protocol_converter_0/inst/gen_axilite.gen_b2s_conv.axilite_b2s/RD.r_channel_0/rd_data_fifo_0/cnt_read_reg[4]/C
                               i_ps/system_i/system_i/axi_protocol_converter_0/inst/gen_axilite.gen_b2s_conv.axilite_b2s/RD.r_channel_0/rd_data_fifo_0/cnt_read_reg[1]/CE
                                                              0.206         
i_ps/system_i/system_i/axi_protocol_converter_0/inst/gen_axilite.gen_b2s_conv.axilite_b2s/RD.r_channel_0/rd_data_fifo_0/cnt_read_reg[4]/C
                               i_ps/system_i/system_i/axi_protocol_converter_0/inst/gen_axilite.gen_b2s_conv.axilite_b2s/RD.r_channel_0/rd_data_fifo_0/cnt_read_reg[2]/CE
                                                              0.206         
i_ps/system_i/system_i/axi_protocol_converter_0/inst/gen_axilite.gen_b2s_conv.axilite_b2s/RD.r_channel_0/rd_data_fifo_0/cnt_read_reg[4]/C
                               i_ps/system_i/system_i/axi_protocol_converter_0/inst/gen_axilite.gen_b2s_conv.axilite_b2s/RD.r_channel_0/rd_data_fifo_0/cnt_read_reg[3]/CE
                                                              0.206         
i_ps/system_i/system_i/axi_protocol_converter_0/inst/gen_axilite.gen_b2s_conv.axilite_b2s/RD.r_channel_0/rd_data_fifo_0/cnt_read_reg[4]/C
                               i_ps/system_i/system_i/axi_protocol_converter_0/inst/gen_axilite.gen_b2s_conv.axilite_b2s/RD.r_channel_0/rd_data_fifo_0/cnt_read_reg[4]/CE
                                                              0.206         
i_ps/system_i/system_i/xadc/inst/AXI_LITE_IPIF_I/I_SLAVE_ATTACHMENT/INCLUDE_DPHASE_TIMER.dpto_cnt_reg[6]/C
                               i_ps/system_i/system_i/axi_protocol_converter_0/inst/gen_axilite.gen_b2s_conv.axilite_b2s/WR.aw_channel_0/cmd_translator_0/sel_first_reg/D
                                                              0.208         
i_ps/system_i/system_i/axi_protocol_converter_0/inst/gen_axilite.gen_b2s_conv.axilite_b2s/SI_REG/aw.aw_pipe/m_payload_i_reg[8]/C
                               i_ps/system_i/system_i/xadc/inst/AXI_LITE_IPIF_I/I_SLAVE_ATTACHMENT/I_DECODER/GEN_BKEND_CE_REGISTERS[16].ce_out_i_reg[16]/D
                                                              0.220         
i_ps/system_i/system_i/axi_protocol_converter_0/inst/gen_axilite.gen_b2s_conv.axilite_b2s/SI_REG/aw.aw_pipe/m_payload_i_reg[8]/C
                               i_ps/system_i/system_i/xadc/inst/AXI_LITE_IPIF_I/I_SLAVE_ATTACHMENT/I_DECODER/GEN_BKEND_CE_REGISTERS[14].ce_out_i_reg[14]/D
                                                              0.224         
i_ps/system_i/system_i/xadc/inst/INTR_CTRLR_GEN_I.ip2bus_rdack_reg/C
                               i_ps/system_i/system_i/axi_protocol_converter_0/inst/gen_axilite.gen_b2s_conv.axilite_b2s/RD.ar_channel_0/cmd_translator_0/wrap_cmd_0/next_pending_r_reg/D
                                                              0.232         
i_ps/system_i/system_i/axi_protocol_converter_0/inst/gen_axilite.gen_b2s_conv.axilite_b2s/SI_REG/ar.ar_pipe/m_payload_i_reg[5]/C
                               i_ps/system_i/system_i/xadc/inst/AXI_XADC_CORE_I/XADC_INST/DADDR[3]
                                                              0.235         
i_ps/system_i/system_i/axi_protocol_converter_0/inst/gen_axilite.gen_b2s_conv.axilite_b2s/RD.ar_channel_0/ar_cmd_fsm_0/FSM_sequential_state_reg[1]/C
                               i_ps/system_i/system_i/xadc/inst/INTR_CTRLR_GEN_I.INTERRUPT_CONTROL_I/GEN_IP_IRPT_STATUS_REG[13].GEN_REG_STATUS.ip_irpt_status_reg_reg[13]/D
                                                              0.237         
i_ps/system_i/system_i/processing_system7/inst/PS7_i/MAXIGP1ACLK
                               i_ps/system_i/system_i/xadc/inst/SOFT_RESET_I/reset_trig_reg/D
                                                              0.239         
i_ps/system_i/system_i/xadc/inst/AXI_LITE_IPIF_I/I_SLAVE_ATTACHMENT/INCLUDE_DPHASE_TIMER.dpto_cnt_reg[6]/C
                               i_ps/system_i/system_i/axi_protocol_converter_0/inst/gen_axilite.gen_b2s_conv.axilite_b2s/WR.aw_channel_0/cmd_translator_0/s_axburst_eq1_reg/D
                                                              0.247         
i_ps/system_i/system_i/xadc/inst/INTR_CTRLR_GEN_I.ip2bus_rdack_reg/C
                               i_ps/system_i/system_i/axi_protocol_converter_0/inst/gen_axilite.gen_b2s_conv.axilite_b2s/RD.ar_channel_0/cmd_translator_0/incr_cmd_0/axlen_cnt_reg[0]/CE
                                                              0.249         
i_ps/system_i/system_i/xadc/inst/INTR_CTRLR_GEN_I.ip2bus_rdack_reg/C
                               i_ps/system_i/system_i/axi_protocol_converter_0/inst/gen_axilite.gen_b2s_conv.axilite_b2s/RD.ar_channel_0/cmd_translator_0/incr_cmd_0/axlen_cnt_reg[1]/CE
                                                              0.249         
i_ps/system_i/system_i/xadc/inst/INTR_CTRLR_GEN_I.ip2bus_rdack_reg/C
                               i_ps/system_i/system_i/axi_protocol_converter_0/inst/gen_axilite.gen_b2s_conv.axilite_b2s/RD.ar_channel_0/cmd_translator_0/incr_cmd_0/axlen_cnt_reg[2]/CE
                                                              0.249         
i_ps/system_i/system_i/xadc/inst/INTR_CTRLR_GEN_I.ip2bus_rdack_reg/C
                               i_ps/system_i/system_i/axi_protocol_converter_0/inst/gen_axilite.gen_b2s_conv.axilite_b2s/RD.ar_channel_0/cmd_translator_0/incr_cmd_0/axlen_cnt_reg[3]/CE
                                                              0.249         
i_ps/system_i/system_i/xadc/inst/INTR_CTRLR_GEN_I.ip2bus_rdack_reg/C
                               i_ps/system_i/system_i/axi_protocol_converter_0/inst/gen_axilite.gen_b2s_conv.axilite_b2s/RD.ar_channel_0/cmd_translator_0/incr_cmd_0/axlen_cnt_reg[8]/CE
                                                              0.249         
i_ps/system_i/system_i/axi_protocol_converter_0/inst/gen_axilite.gen_b2s_conv.axilite_b2s/RD.ar_channel_0/ar_cmd_fsm_0/FSM_sequential_state_reg[1]/C
                               i_ps/system_i/system_i/xadc/inst/INTR_CTRLR_GEN_I.INTERRUPT_CONTROL_I/GEN_IP_IRPT_STATUS_REG[15].GEN_REG_STATUS.ip_irpt_status_reg_reg[15]/D
                                                              0.253         
i_ps/system_i/system_i/xadc/inst/INTR_CTRLR_GEN_I.ip2bus_rdack_reg/C
                               i_ps/system_i/system_i/axi_protocol_converter_0/inst/gen_axilite.gen_b2s_conv.axilite_b2s/RD.ar_channel_0/cmd_translator_0/incr_cmd_0/axaddr_incr_reg[2]/CE
                                                              0.258         
i_ps/system_i/system_i/xadc/inst/INTR_CTRLR_GEN_I.ip2bus_rdack_reg/C
                               i_ps/system_i/system_i/axi_protocol_converter_0/inst/gen_axilite.gen_b2s_conv.axilite_b2s/RD.ar_channel_0/cmd_translator_0/incr_cmd_0/axaddr_incr_reg[3]/CE
                                                              0.258         
i_ps/system_i/system_i/xadc/inst/INTR_CTRLR_GEN_I.ip2bus_rdack_reg/C
                               i_ps/system_i/system_i/axi_protocol_converter_0/inst/gen_axilite.gen_b2s_conv.axilite_b2s/RD.ar_channel_0/cmd_translator_0/incr_cmd_0/axaddr_incr_reg[4]/CE
                                                              0.258         
i_ps/system_i/system_i/xadc/inst/INTR_CTRLR_GEN_I.ip2bus_rdack_reg/C
                               i_ps/system_i/system_i/axi_protocol_converter_0/inst/gen_axilite.gen_b2s_conv.axilite_b2s/RD.ar_channel_0/cmd_translator_0/incr_cmd_0/axaddr_incr_reg[8]/CE
                                                              0.258         
i_ps/system_i/system_i/xadc/inst/INTR_CTRLR_GEN_I.ip2bus_rdack_reg/C
                               i_ps/system_i/system_i/axi_protocol_converter_0/inst/gen_axilite.gen_b2s_conv.axilite_b2s/RD.ar_channel_0/cmd_translator_0/incr_cmd_0/axaddr_incr_reg[9]/CE
                                                              0.258         
pwm_rstn_reg/C                 pwm[2]/pwm_o_reg/R             0.266         
i_ps/system_i/system_i/xadc/inst/INTR_CTRLR_GEN_I.ip2bus_rdack_reg/C
                               i_ps/system_i/system_i/axi_protocol_converter_0/inst/gen_axilite.gen_b2s_conv.axilite_b2s/RD.ar_channel_0/cmd_translator_0/wrap_cmd_0/axaddr_wrap_reg[8]/CE
                                                              0.270         
i_ps/system_i/system_i/axi_protocol_converter_0/inst/gen_axilite.gen_b2s_conv.axilite_b2s/WR.b_channel_0/bid_fifo_0/cnt_read_reg[1]/C
                               i_ps/system_i/system_i/axi_protocol_converter_0/inst/gen_axilite.gen_b2s_conv.axilite_b2s/WR.b_channel_0/bresp_cnt_reg[0]/R
                                                              0.275         
pwm[0]/bcnt_reg[1]/C           pwm[0]/v_reg[0]/CE             0.313         
pwm[0]/bcnt_reg[1]/C           pwm[0]/v_reg[1]/CE             0.313         
pwm[0]/bcnt_reg[1]/C           pwm[0]/v_reg[6]/CE             0.313         
pwm[0]/bcnt_reg[1]/C           pwm[0]/v_reg[7]/CE             0.313         
pwm_rstn_reg/C                 pwm[1]/pwm_o_reg/R             0.341         
pwm[2]/vcnt_reg[2]/C           pwm[2]/b_reg[3]/CE             0.353         
pwm[2]/vcnt_reg[2]/C           pwm[2]/b_reg[8]/CE             0.353         
pwm[2]/vcnt_reg[2]/C           pwm[2]/b_reg[9]/CE             0.353         
i_ams/dac_c_o_reg[15]/C        pwm[2]/b_reg[15]/D             0.363         
pwm[2]/vcnt_reg[2]/C           pwm[2]/vcnt_reg[5]/CE          0.415         
pwm[2]/vcnt_reg[2]/C           pwm[2]/b_reg[0]/CE             0.421         
pwm[2]/vcnt_reg[2]/C           pwm[2]/b_reg[1]/CE             0.421         
pwm[2]/vcnt_reg[2]/C           pwm[2]/b_reg[4]/CE             0.421         
pwm[2]/vcnt_reg[2]/C           pwm[2]/b_reg[5]/CE             0.421         
pwm[2]/vcnt_reg[2]/C           pwm[2]/b_reg[10]/CE            0.437         
pwm[2]/vcnt_reg[2]/C           pwm[2]/b_reg[11]/CE            0.437         
pwm[2]/vcnt_reg[2]/C           pwm[2]/b_reg[13]/CE            0.437         
pwm[2]/vcnt_reg[2]/C           pwm[2]/b_reg[14]/CE            0.437         
pwm[2]/vcnt_reg[2]/C           pwm[2]/b_reg[15]/CE            0.437         
pwm_rstn_reg/C                 pwm[3]/pwm_o_reg/R             0.439         
pwm[2]/vcnt_reg[2]/C           pwm[2]/v_reg[0]/CE             0.452         
pwm[2]/vcnt_reg[2]/C           pwm[2]/v_reg[7]/CE             0.452         
i_ams/dac_a_o_reg[14]/C        pwm[0]/b_reg[14]/D             0.483         
pwm[1]/vcnt_reg[4]/C           pwm[1]/v_reg[0]/CE             0.485         
pwm[1]/vcnt_reg[4]/C           pwm[1]/v_reg[1]/CE             0.485         
pwm[1]/vcnt_reg[4]/C           pwm[1]/v_reg[2]/CE             0.485         
pwm[1]/vcnt_reg[4]/C           pwm[1]/v_reg[3]/CE             0.485         
pwm[3]/vcnt_reg[0]/C           pwm[3]/v_reg[0]/CE             0.489         
pwm[3]/vcnt_reg[0]/C           pwm[3]/v_reg[1]/CE             0.489         
pwm[3]/vcnt_reg[0]/C           pwm[3]/v_reg[4]/CE             0.489         
pwm[3]/vcnt_reg[0]/C           pwm[3]/v_reg[5]/CE             0.489         
pwm[2]/vcnt_reg[2]/C           pwm[2]/v_reg[1]/CE             0.499         
pwm[2]/vcnt_reg[2]/C           pwm[2]/v_reg[2]/CE             0.499         
pwm[2]/vcnt_reg[2]/C           pwm[2]/v_reg[3]/CE             0.499         
pwm[2]/vcnt_reg[2]/C           pwm[2]/v_reg[4]/CE             0.499         
pwm[2]/vcnt_reg[2]/C           pwm[2]/v_reg[5]/CE             0.499         
pwm[2]/vcnt_reg[2]/C           pwm[2]/v_reg[6]/CE             0.499         
pwm[0]/vcnt_reg[1]/C           pwm[0]/bcnt_reg[0]/CE          0.511         
pwm[0]/vcnt_reg[1]/C           pwm[0]/bcnt_reg[1]/CE          0.511         
pwm[0]/vcnt_reg[1]/C           pwm[0]/bcnt_reg[2]/CE          0.511         
pwm[0]/vcnt_reg[1]/C           pwm[0]/bcnt_reg[3]/CE          0.511         
pwm[1]/vcnt_reg[4]/C           pwm[1]/b_reg[0]/CE             0.516         
pwm[1]/vcnt_reg[4]/C           pwm[1]/b_reg[14]/CE            0.516         
pwm[1]/vcnt_reg[4]/C           pwm[1]/b_reg[7]/CE             0.516         
pwm[1]/vcnt_reg[4]/C           pwm[1]/b_reg[8]/CE             0.516         
pwm[1]/vcnt_reg[4]/C           pwm[1]/b_reg[9]/CE             0.516         
pwm[1]/vcnt_reg[4]/C           pwm[1]/vcnt_reg[5]/CE          0.525         
pwm[1]/vcnt_reg[4]/C           pwm[1]/vcnt_reg[6]/CE          0.525         
pwm[1]/vcnt_reg[4]/C           pwm[1]/vcnt_reg[7]/CE          0.525         
pwm[1]/vcnt_reg[0]/C           pwm[1]/vcnt_reg[1]/CE          0.547         
pwm[1]/vcnt_reg[0]/C           pwm[1]/vcnt_reg[2]/CE          0.547         
pwm[0]/vcnt_reg[1]/C           pwm[0]/b_reg[1]/CE             0.548         
dac_rst_reg/C                  oddr_dac_dat[10]/R             0.573         
dac_rst_reg/C                  oddr_dac_dat[4]/R              0.576         
pwm[2]/vcnt_reg[2]/C           pwm[2]/b_reg[12]/CE            0.578         
pwm[2]/vcnt_reg[2]/C           pwm[2]/b_reg[2]/CE             0.578         
pwm[2]/vcnt_reg[2]/C           pwm[2]/b_reg[6]/CE             0.578         
pwm[2]/vcnt_reg[2]/C           pwm[2]/b_reg[7]/CE             0.578         
dac_rst_reg/C                  oddr_dac_dat[13]/R             0.598         
dac_rst_reg/C                  oddr_dac_dat[12]/R             0.600         
dac_rst_reg/C                  oddr_dac_dat[0]/R              0.602         
dac_rst_reg/C                  oddr_dac_dat[3]/R              0.606         
dac_rst_reg/C                  oddr_dac_dat[2]/R              0.607         
pwm[3]/vcnt_reg[0]/C           pwm[3]/vcnt_reg[1]/CE          0.609         
pwm[3]/vcnt_reg[0]/C           pwm[3]/vcnt_reg[2]/CE          0.609         
pwm[3]/vcnt_reg[0]/C           pwm[3]/vcnt_reg[6]/CE          0.609         
pwm[3]/vcnt_reg[0]/C           pwm[3]/vcnt_reg[7]/CE          0.609         
pwm[0]/vcnt_reg[1]/C           pwm[0]/b_reg[0]/CE             0.612         
pwm[0]/vcnt_reg[1]/C           pwm[0]/b_reg[6]/CE             0.612         
pwm_rstn_reg/C                 pwm[2]/v_r_reg[2]/CE           0.614         
pwm_rstn_reg/C                 pwm[2]/v_r_reg[3]/CE           0.614         
pwm_rstn_reg/C                 pwm[2]/v_r_reg[5]/CE           0.614         
pwm_rstn_reg/C                 pwm[2]/v_r_reg[6]/CE           0.614         
pwm_rstn_reg/C                 pwm[2]/v_r_reg[7]/CE           0.614         
pwm_rstn_reg/C                 pwm[2]/v_r_reg[8]/CE           0.614         
pwm_rstn_reg/C                 pwm[2]/vcnt_r_reg[3]/CE        0.614         
pwm_rstn_reg/C                 pwm[2]/vcnt_reg[5]/R           0.617         
dac_rst_reg/C                  oddr_dac_dat[5]/R              0.622         
pwm[0]/bcnt_reg[1]/C           pwm[0]/v_reg[2]/CE             0.623         
pwm[0]/bcnt_reg[1]/C           pwm[0]/v_reg[3]/CE             0.623         
pwm[0]/bcnt_reg[1]/C           pwm[0]/v_reg[4]/CE             0.623         
pwm[0]/bcnt_reg[1]/C           pwm[0]/v_reg[5]/CE             0.623         
pwm[0]/vcnt_reg[1]/C           pwm[0]/b_reg[10]/CE            0.640         
pwm[1]/vcnt_reg[0]/C           pwm[1]/vcnt_reg[3]/CE          0.692         
pwm[1]/vcnt_reg[0]/C           pwm[1]/vcnt_reg[4]/CE          0.692         
dac_rst_reg/C                  oddr_dac_dat[1]/R              0.695         
pwm[2]/b_reg[0]/C              pwm[2]/v_r_reg[5]/D            0.701         
pwm[1]/vcnt_reg[4]/C           pwm[1]/v_reg[4]/CE             0.710         
pwm[1]/vcnt_reg[4]/C           pwm[1]/v_reg[5]/CE             0.710         
pwm[1]/vcnt_reg[4]/C           pwm[1]/v_reg[6]/CE             0.710         
pwm[1]/vcnt_reg[4]/C           pwm[1]/v_reg[7]/CE             0.710         
dac_rst_reg/C                  oddr_dac_dat[11]/R             0.711         
pwm[1]/vcnt_reg[0]/C           pwm[1]/b_reg[10]/CE            0.713         
pwm[1]/vcnt_reg[0]/C           pwm[1]/b_reg[11]/CE            0.713         
pwm[2]/b_reg[0]/C              pwm[2]/v_r_reg[7]/D            0.715         
pwm[2]/b_reg[0]/C              pwm[2]/v_r_reg[6]/D            0.716         
pwm[2]/b_reg[0]/C              pwm[2]/v_r_reg[8]/D            0.724         
dac_rst_reg/C                  oddr_dac_dat[7]/R              0.969         
dac_rst_reg/C                  oddr_dac_dat[6]/R              1.007         
dac_dat_a_reg[12]/C            oddr_dac_dat[12]/D2            1.039         
dac_rst_reg/C                  oddr_dac_dat[9]/R              1.069         
dac_rst_reg/C                  oddr_dac_dat[8]/R              1.110         
dac_dat_a_reg[0]/C             oddr_dac_dat[0]/D2             1.488         
dac_dat_a_reg[2]/C             oddr_dac_dat[2]/D2             1.491         
dac_rst_reg/C                  oddr_dac_sel/R                 1.499         
dac_dat_a_reg[3]/C             oddr_dac_dat[3]/D2             1.513         
dac_dat_a_reg[13]/C            oddr_dac_dat[13]/D2            1.598         
dac_dat_a_reg[11]/C            oddr_dac_dat[11]/D2            1.649         
dac_dat_a_reg[1]/C             oddr_dac_dat[1]/D2             1.796         
dac_dat_a_reg[6]/C             oddr_dac_dat[6]/D2             1.798         
dac_dat_a_reg[7]/C             oddr_dac_dat[7]/D2             1.801         
dac_rst_reg/C                  oddr_dac_rst/D2                1.858         
dac_dat_a_reg[4]/C             oddr_dac_dat[4]/D2             1.862         
dac_dat_a_reg[8]/C             oddr_dac_dat[8]/D2             1.899         
dac_dat_a_reg[10]/C            oddr_dac_dat[10]/D2            1.992         
dac_dat_a_reg[5]/C             oddr_dac_dat[5]/D2             1.996         
dac_dat_a_reg[9]/C             oddr_dac_dat[9]/D2             2.028         
i_dsp/sum2_reg[14]/C           dac_dat_b_reg[0]/D             2.112         
i_dsp/sum2_reg[16]/C           dac_dat_b_reg[2]/D             2.149         
i_dsp/sum1_reg[17]/C           dac_dat_a_reg[4]/D             2.525         
i_dsp/sum2_reg[16]/C           dac_dat_b_reg[12]/D            2.633         
i_dsp/sum1_reg[13]/C           dac_dat_a_reg[1]/D             2.706         
i_dsp/sum2_reg[14]/C           dac_dat_b_reg[7]/D             2.806         
i_dsp/sum2_reg[16]/C           dac_dat_b_reg[1]/D             2.834         
i_dsp/sum2_reg[16]/C           dac_dat_b_reg[3]/D             2.851         
i_dsp/sum1_reg[14]/C           dac_dat_a_reg[5]/D             2.949         
i_dsp/sum1_reg[14]/C           dac_dat_a_reg[7]/D             2.997         
i_dsp/sum1_reg[14]/C           dac_dat_a_reg[12]/D            3.257         
i_dsp/sum1_reg[16]/C           dac_dat_a_reg[9]/D             3.358         
i_dsp/sum2_reg[16]/C           dac_dat_b_reg[11]/D            3.420         
i_dsp/sum1_reg[16]/C           dac_dat_a_reg[10]/D            3.431         
i_dsp/sum2_reg[16]/C           dac_dat_b_reg[5]/D             3.500         
i_dsp/sum2_reg[14]/C           dac_dat_b_reg[6]/D             3.509         
i_dsp/sum2_reg[14]/C           dac_dat_b_reg[9]/D             3.599         
i_dsp/sum1_reg[14]/C           dac_dat_a_reg[0]/D             3.830         
i_dsp/sum2_reg[14]/C           dac_dat_b_reg[8]/D             3.897         
i_dsp/sum1_reg[3]/C            dac_dat_a_reg[3]/D             3.912         
i_dsp/sum1_reg[14]/C           dac_dat_a_reg[2]/D             3.935         
i_dsp/sum2_reg[16]/C           dac_dat_b_reg[10]/D            3.949         
i_dsp/sum2_reg[16]/C           dac_dat_b_reg[4]/D             3.993         
i_dsp/sum1_reg[16]/C           dac_dat_a_reg[8]/D             4.080         
i_dsp/sum1_reg[6]/C            dac_dat_a_reg[6]/D             4.330         
i_dsp/sum2_reg[17]/C           dac_dat_b_reg[13]/D            4.498         
i_dsp/sum1_reg[17]/C           dac_dat_a_reg[13]/D            4.525         
i_dsp/sum1_reg[14]/C           dac_dat_a_reg[11]/D            4.588         
dac_dat_b_reg[12]/C            oddr_dac_dat[12]/D1            5.280         
dac_dat_b_reg[13]/C            oddr_dac_dat[13]/D1            5.308         
dac_dat_b_reg[5]/C             oddr_dac_dat[5]/D1             5.605         
dac_dat_b_reg[0]/C             oddr_dac_dat[0]/D1             5.649         
dac_rst_reg/C                  oddr_dac_rst/D1                5.669         
dac_dat_b_reg[3]/C             oddr_dac_dat[3]/D1             5.671         
dac_dat_b_reg[1]/C             oddr_dac_dat[1]/D1             5.804         
dac_dat_b_reg[10]/C            oddr_dac_dat[10]/D1            5.830         
dac_dat_b_reg[6]/C             oddr_dac_dat[6]/D1             5.848         
dac_dat_b_reg[11]/C            oddr_dac_dat[11]/D1            5.860         
dac_dat_b_reg[2]/C             oddr_dac_dat[2]/D1             5.868         
dac_dat_b_reg[4]/C             oddr_dac_dat[4]/D1             6.013         
dac_dat_b_reg[7]/C             oddr_dac_dat[7]/D1             6.028         
dac_dat_b_reg[8]/C             oddr_dac_dat[8]/D1             6.037         
dac_dat_b_reg[9]/C             oddr_dac_dat[9]/D1             6.044         



