Copyright 1986-2022 Xilinx, Inc. All Rights Reserved. Copyright 2022-2023 Advanced Micro Devices, Inc. All Rights Reserved.
-------------------------------------------------------------------------------------------------------------------------------------------------
| Tool Version     : Vivado v.2023.2 (lin64) Build 4029153 Fri Oct 13 20:13:54 MDT 2023
| Date             : Thu Jun  6 21:42:38 2024
| Host             : np-desktop running 64-bit Pop!_OS 22.04 LTS
| Command          : report_power -file out/post_route_power.rpt
| Design           : red_pitaya_top
| Device           : xc7z010clg400-1
| Design State     : routed
| Grade            : commercial
| Process          : typical
| Characterization : Production
-------------------------------------------------------------------------------------------------------------------------------------------------

Power Report

Table of Contents
-----------------
1. Summary
1.1 On-Chip Components
1.2 Power Supply Summary
1.3 Confidence Level
2. Settings
2.1 Environment
2.2 Clock Constraints
3. Detailed Reports
3.1 By Hierarchy

1. Summary
----------

+--------------------------+--------------+
| Total On-Chip Power (W)  | 2.188        |
| Design Power Budget (W)  | Unspecified* |
| Power Budget Margin (W)  | NA           |
| Dynamic (W)              | 2.051        |
| Device Static (W)        | 0.137        |
| Effective TJA (C/W)      | 11.5         |
| Max Ambient (C)          | 59.8         |
| Junction Temperature (C) | 50.2         |
| Confidence Level         | Low          |
| Setting File             | ---          |
| Simulation Activity File | ---          |
| Design Nets Matched      | NA           |
+--------------------------+--------------+
* Specify Design Power Budget using, set_operating_conditions -design_power_budget <value in Watts>


1.1 On-Chip Components
----------------------

+-------------------------+-----------+----------+-----------+-----------------+
| On-Chip                 | Power (W) | Used     | Available | Utilization (%) |
+-------------------------+-----------+----------+-----------+-----------------+
| Clocks                  |     0.059 |       13 |       --- |             --- |
| Slice Logic             |     0.110 |    33473 |       --- |             --- |
|   LUT as Logic          |     0.096 |    15728 |     17600 |           89.36 |
|   CARRY4                |     0.009 |     1439 |      4400 |           32.70 |
|   Register              |     0.005 |    13375 |     35200 |           38.00 |
|   F7/F8 Muxes           |    <0.001 |       42 |     17600 |            0.24 |
|   LUT as Shift Register |    <0.001 |       44 |      6000 |            0.73 |
|   Others                |     0.000 |      371 |       --- |             --- |
| Signals                 |     0.154 |    28318 |       --- |             --- |
| Block RAM               |     0.066 |       20 |        60 |           33.33 |
| PLL                     |     0.097 |        1 |         2 |           50.00 |
| DSPs                    |     0.039 |       44 |        80 |           55.00 |
| I/O                     |     0.231 |       75 |       100 |           75.00 |
| XADC                    |     0.004 |        1 |       --- |             --- |
| PS7                     |     1.292 |        1 |       --- |             --- |
| Static Power            |     0.137 |          |           |                 |
| Total                   |     2.188 |          |           |                 |
+-------------------------+-----------+----------+-----------+-----------------+


1.2 Power Supply Summary
------------------------

+-----------+-------------+-----------+-------------+------------+-------------+-------------+------------+
| Source    | Voltage (V) | Total (A) | Dynamic (A) | Static (A) | Powerup (A) | Budget (A)  | Margin (A) |
+-----------+-------------+-----------+-------------+------------+-------------+-------------+------------+
| Vccint    |       1.000 |     0.440 |       0.430 |      0.010 |       NA    | Unspecified | NA         |
| Vccaux    |       1.800 |     0.065 |       0.056 |      0.009 |       NA    | Unspecified | NA         |
| Vcco33    |       3.300 |     0.068 |       0.067 |      0.001 |       NA    | Unspecified | NA         |
| Vcco25    |       2.500 |     0.000 |       0.000 |      0.000 |       NA    | Unspecified | NA         |
| Vcco18    |       1.800 |     0.000 |       0.000 |      0.000 |       NA    | Unspecified | NA         |
| Vcco15    |       1.500 |     0.000 |       0.000 |      0.000 |       NA    | Unspecified | NA         |
| Vcco135   |       1.350 |     0.000 |       0.000 |      0.000 |       NA    | Unspecified | NA         |
| Vcco12    |       1.200 |     0.000 |       0.000 |      0.000 |       NA    | Unspecified | NA         |
| Vccaux_io |       1.800 |     0.000 |       0.000 |      0.000 |       NA    | Unspecified | NA         |
| Vccbram   |       1.000 |     0.007 |       0.005 |      0.002 |       NA    | Unspecified | NA         |
| MGTAVcc   |       1.000 |     0.000 |       0.000 |      0.000 |       NA    | Unspecified | NA         |
| MGTAVtt   |       1.200 |     0.000 |       0.000 |      0.000 |       NA    | Unspecified | NA         |
| MGTVccaux |       1.800 |     0.000 |       0.000 |      0.000 |       NA    | Unspecified | NA         |
| Vccpint   |       1.000 |     0.715 |       0.678 |      0.037 |       NA    | Unspecified | NA         |
| Vccpaux   |       1.800 |     0.038 |       0.027 |      0.010 |       NA    | Unspecified | NA         |
| Vccpll    |       1.800 |     0.017 |       0.014 |      0.003 |       NA    | Unspecified | NA         |
| Vcco_ddr  |       1.500 |     0.356 |       0.354 |      0.002 |       NA    | Unspecified | NA         |
| Vcco_mio0 |       3.300 |     0.002 |       0.001 |      0.001 |       NA    | Unspecified | NA         |
| Vcco_mio1 |       2.500 |     0.003 |       0.002 |      0.001 |       NA    | Unspecified | NA         |
| Vccadc    |       1.800 |     0.022 |       0.002 |      0.020 |       NA    | Unspecified | NA         |
+-----------+-------------+-----------+-------------+------------+-------------+-------------+------------+


1.3 Confidence Level
--------------------

+-----------------------------+------------+--------------------------------------------------------+------------------------------------------------------------------------------------------------------------+
| User Input Data             | Confidence | Details                                                | Action                                                                                                     |
+-----------------------------+------------+--------------------------------------------------------+------------------------------------------------------------------------------------------------------------+
| Design implementation state | High       | Design is routed                                       |                                                                                                            |
| Clock nodes activity        | High       | User specified more than 95% of clocks                 |                                                                                                            |
| I/O nodes activity          | Low        | More than 75% of inputs are missing user specification | Provide missing input activity with simulation results or by editing the "By Resource Type -> I/Os" view   |
| Internal nodes activity     | Medium     | User specified less than 25% of internal nodes         | Provide missing internal nodes activity with simulation results or by editing the "By Resource Type" views |
| Device models               | High       | Device models are Production                           |                                                                                                            |
|                             |            |                                                        |                                                                                                            |
| Overall confidence level    | Low        |                                                        |                                                                                                            |
+-----------------------------+------------+--------------------------------------------------------+------------------------------------------------------------------------------------------------------------+


2. Settings
-----------

2.1 Environment
---------------

+-----------------------+------------------------+
| Ambient Temp (C)      | 25.0                   |
| ThetaJA (C/W)         | 11.5                   |
| Airflow (LFM)         | 250                    |
| Heat Sink             | none                   |
| ThetaSA (C/W)         | 0.0                    |
| Board Selection       | medium (10"x10")       |
| # of Board Layers     | 8to11 (8 to 11 Layers) |
| Board Temperature (C) | 25.0                   |
+-----------------------+------------------------+


2.2 Clock Constraints
---------------------

+----------------+-----------------------------------------------------------------------+-----------------+
| Clock          | Domain                                                                | Constraint (ns) |
+----------------+-----------------------------------------------------------------------+-----------------+
| adc_clk        | adc_clk_p_i                                                           |             8.0 |
| clk_fb         | pll/clk_fb                                                            |             8.0 |
| clk_fpga_3     | i_ps/system_i/system_i/processing_system7/inst/FCLK_CLK_unbuffered[3] |             5.0 |
| pll_adc_clk    | pll/clk_adc                                                           |             8.0 |
| pll_dac_clk_1x | pll/clk_dac_1x                                                        |             8.0 |
| pll_dac_clk_2p | pll/clk_dac_2p                                                        |             4.0 |
| pll_dac_clk_2x | pll/clk_dac_2x                                                        |             4.0 |
+----------------+-----------------------------------------------------------------------+-----------------+


3. Detailed Reports
-------------------

3.1 By Hierarchy
----------------

+-----------------------------+-----------+
| Name                        | Power (W) |
+-----------------------------+-----------+
| red_pitaya_top              |     2.051 |
|   i_ams                     |     0.001 |
|   i_dsp                     |     0.339 |
|     dac_saturate[0]         |     0.002 |
|     dac_saturate[1]         |     0.002 |
|     genblk2[0].i_pid        |     0.023 |
|       pidfilter             |     0.013 |
|     genblk2[1].i_pid        |     0.023 |
|       pidfilter             |     0.013 |
|     genblk2[2].i_pid        |     0.023 |
|       pidfilter             |     0.012 |
|     genblk3[3].i_trigger    |     0.008 |
|       triggerfilter         |     0.004 |
|     genblk4[4].iir          |     0.033 |
|       iir_inputfilter       |     0.003 |
|       s_y0_module           |     0.004 |
|     genblk5[5].iq           |     0.062 |
|       demodulator           |     0.003 |
|       inputfilter           |     0.003 |
|       iq_fgen               |     0.018 |
|       iqfilter[0]           |     0.010 |
|       iqfilter[1]           |     0.011 |
|       modulator             |     0.010 |
|     genblk5[6].iq           |     0.063 |
|       demodulator           |     0.003 |
|       inputfilter           |     0.003 |
|       iq_fgen               |     0.018 |
|       iqfilter[0]           |     0.010 |
|       iqfilter[1]           |     0.010 |
|       modulator             |     0.010 |
|     genblk6[7].iq_2_outputs |     0.083 |
|       demodulator           |     0.003 |
|       inputfilter           |     0.003 |
|       iq_fgen               |     0.018 |
|       iqfilter[0]           |     0.019 |
|       iqfilter[1]           |     0.019 |
|       modulator             |     0.012 |
|   i_fads                    |     0.013 |
|   i_hk                      |     0.001 |
|   i_ps                      |     1.315 |
|     axi_slave_gp0           |     0.004 |
|     system_i                |     1.310 |
|       system_i              |     1.310 |
|   i_scope                   |     0.046 |
|   pll                       |     0.097 |
+-----------------------------+-----------+


